<?xml version="1.0" encoding="UTF-8"?>
<!-- Generated by org.testng.reporters.JUnitXMLReporter -->
<testsuite hostname="LAP28" name="Test_ReferAVendor" tests="3" failures="0" timestamp="19 Sep 2019 06:53:04 GMT" time="168.322" errors="0">
  <testcase name="launch" time="23.356" classname="com.xamplify.login.ReferAVendor"/>
  <testcase name="referavendor" time="35.728" classname="com.xamplify.login.ReferAVendor"/>
  <testcase name="registration" time="109.223" classname="com.xamplify.login.ReferAVendor"/>
</testsuite> <!-- Test_ReferAVendor -->
