<?xml version="1.0" encoding="UTF-8"?>
<!-- Generated by org.testng.reporters.JUnitXMLReporter -->
<testsuite hostname="LAP032" name="Test_UploadVideo" tests="4" failures="0" timestamp="6 Jun 2019 09:43:43 GMT" time="35.055" errors="0">
  <testcase name="@BeforeMethod uploadvideo" time="0.0" classname="com.xamplify.login.UploadVideo">
    <failure type="java.io.IOException" message="Cannot run program &amp;quot;D:\Selenium\Files\Upload&amp;quot;: CreateProcess error=2, The system cannot find the file specified">
      <![CDATA[java.io.IOException: Cannot run program "D:\Selenium\Files\Upload": CreateProcess error=2, The system cannot find the file specified
	at java.lang.ProcessBuilder.start(Unknown Source)
	at java.lang.Runtime.exec(Unknown Source)
	at java.lang.Runtime.exec(Unknown Source)
	at java.lang.Runtime.exec(Unknown Source)
	at com.xamplify.login.UploadVideo.uploadvideo(UploadVideo.java:55)
Caused by: java.io.IOException: CreateProcess error=2, The system cannot find the file specified
	at java.lang.ProcessImpl.create(Native Method)
	at java.lang.ProcessImpl.<init>(Unknown Source)
	at java.lang.ProcessImpl.start(Unknown Source)
	... 31 more
... Removed 26 stack frames]]>
    </failure>
  </testcase> <!-- @BeforeMethod uploadvideo -->
  <testcase name="@BeforeMethod uploadvideo" time="0.0" classname="com.xamplify.login.UploadVideo">
    <skipped/>
  </testcase> <!-- @BeforeMethod uploadvideo -->
  <testcase name="@BeforeMethod uploadvideo" time="0.0" classname="com.xamplify.login.UploadVideo">
    <skipped/>
  </testcase> <!-- @BeforeMethod uploadvideo -->
  <testcase name="@BeforeMethod uploadvideo" time="0.0" classname="com.xamplify.login.UploadVideo">
    <skipped/>
  </testcase> <!-- @BeforeMethod uploadvideo -->
  <testcase name="upload1" time="0.033" classname="com.xamplify.login.UploadVideo">
    <skipped/>
  </testcase> <!-- upload1 -->
  <testcase name="upload2" time="0.002" classname="com.xamplify.login.UploadVideo">
    <skipped/>
  </testcase> <!-- upload2 -->
  <testcase name="upload3" time="0.002" classname="com.xamplify.login.UploadVideo">
    <skipped/>
  </testcase> <!-- upload3 -->
  <testcase name="upload4" time="0.006" classname="com.xamplify.login.UploadVideo">
    <skipped/>
  </testcase> <!-- upload4 -->
</testsuite> <!-- Test_UploadVideo -->
