<?xml version="1.0" encoding="UTF-8"?>
<testng-results skipped="0" failed="1" total="3" passed="2">
  <reporter-output>
  </reporter-output>
  <suite name="Suite" duration-ms="74829" started-at="2020-10-19T13:17:54Z" finished-at="2020-10-19T13:19:09Z">
    <groups>
    </groups>
    <test name="Test_Login" duration-ms="56052" started-at="2020-10-19T13:17:54Z" finished-at="2020-10-19T13:18:50Z">
      <class name="com.xamplify.login.Login">
        <test-method status="PASS" signature="start()[pri:0, instance:com.xamplify.login.Login@6e6f2380]" name="start" duration-ms="33748" started-at="2020-10-19T18:47:54Z" finished-at="2020-10-19T18:48:28Z">
          <reporter-output>
          </reporter-output>
        </test-method> <!-- start -->
        <test-method status="PASS" signature="login()[pri:0, instance:com.xamplify.login.Login@6e6f2380]" name="login" duration-ms="22279" started-at="2020-10-19T18:48:28Z" finished-at="2020-10-19T18:48:50Z">
          <reporter-output>
          </reporter-output>
        </test-method> <!-- login -->
      </class> <!-- com.xamplify.login.Login -->
    </test> <!-- Test_Login -->
    <test name="Test_VideoCampaign" duration-ms="18701" started-at="2020-10-19T13:18:50Z" finished-at="2020-10-19T13:19:09Z">
      <class name="com.xamplify.login.VideoCampaign">
        <test-method status="FAIL" signature="vdecampaign()[pri:0, instance:com.xamplify.login.VideoCampaign@3a7442c7]" name="vdecampaign" duration-ms="18672" started-at="2020-10-19T18:48:50Z" finished-at="2020-10-19T18:49:09Z">
          <exception class="java.lang.IllegalArgumentException">
            <message>
              <![CDATA[Cannot find elements when the XPath expression is null.]]>
            </message>
            <full-stacktrace>
              <![CDATA[java.lang.IllegalArgumentException: Cannot find elements when the XPath expression is null.
	at org.openqa.selenium.By.xpath(By.java:113)
	at com.xamplify.login.VideoCampaign.vdecampaign(VideoCampaign.java:52)
	at sun.reflect.NativeMethodAccessorImpl.invoke0(Native Method)
	at sun.reflect.NativeMethodAccessorImpl.invoke(NativeMethodAccessorImpl.java:62)
	at sun.reflect.DelegatingMethodAccessorImpl.invoke(DelegatingMethodAccessorImpl.java:43)
	at java.lang.reflect.Method.invoke(Method.java:498)
	at org.testng.internal.MethodInvocationHelper.invokeMethod(MethodInvocationHelper.java:80)
	at org.testng.internal.Invoker.invokeMethod(Invoker.java:714)
	at org.testng.internal.Invoker.invokeTestMethod(Invoker.java:901)
	at org.testng.internal.Invoker.invokeTestMethods(Invoker.java:1231)
	at org.testng.internal.TestMethodWorker.invokeTestMethods(TestMethodWorker.java:127)
	at org.testng.internal.TestMethodWorker.run(TestMethodWorker.java:111)
	at org.testng.TestRunner.privateRun(TestRunner.java:767)
	at org.testng.TestRunner.run(TestRunner.java:617)
	at org.testng.SuiteRunner.runTest(SuiteRunner.java:334)
	at org.testng.SuiteRunner.runSequentially(SuiteRunner.java:329)
	at org.testng.SuiteRunner.privateRun(SuiteRunner.java:291)
	at org.testng.SuiteRunner.run(SuiteRunner.java:240)
	at org.testng.SuiteRunnerWorker.runSuite(SuiteRunnerWorker.java:52)
	at org.testng.SuiteRunnerWorker.run(SuiteRunnerWorker.java:86)
	at org.testng.TestNG.runSuitesSequentially(TestNG.java:1198)
	at org.testng.TestNG.runSuitesLocally(TestNG.java:1123)
	at org.testng.TestNG.run(TestNG.java:1031)
	at org.testng.remote.AbstractRemoteTestNG.run(AbstractRemoteTestNG.java:115)
	at org.testng.remote.RemoteTestNG.initAndRun(RemoteTestNG.java:251)
	at org.testng.remote.RemoteTestNG.main(RemoteTestNG.java:77)
]]>
            </full-stacktrace>
          </exception> <!-- java.lang.IllegalArgumentException -->
          <reporter-output>
          </reporter-output>
        </test-method> <!-- vdecampaign -->
      </class> <!-- com.xamplify.login.VideoCampaign -->
    </test> <!-- Test_VideoCampaign -->
  </suite> <!-- Suite -->
</testng-results>
